Date: 2024-04-08 09:11:16 - [HikariPool-174 housekeeper] WARN  
HikariPool-174 - Thread starvation or clock leap detected (housekeeper delta=1d14h16m36s123ms198µs800ns). 
-----
Date: 2024-04-08 09:21:16 - [File Watcher] INFO  
Restarting due to 1 class path change (0 additions, 0 deletions, 1 modification) 
-----
Date: 2024-04-08 09:21:16 - [Thread-674] INFO  
Closing JPA EntityManagerFactory for persistence unit 'default' 
-----
Date: 2024-04-08 09:21:16 - [Thread-674] INFO  
HikariPool-174 - Shutdown initiated... 
-----
Date: 2024-04-08 09:21:16 - [Thread-674] INFO  
HikariPool-174 - Shutdown completed. 
-----
Date: 2024-04-08 09:21:16 - [restartedMain] INFO  

  .   ____          _            __ _ _
 /\\ / ___'_ __ _ _(_)_ __  __ _ \ \ \ \
( ( )\___ | '_ | '_| | '_ \/ _` | \ \ \ \
 \\/  ___)| |_)| | | | | || (_| |  ) ) ) )
  '  |____| .__|_| |_|_| |_\__, | / / / /
 =========|_|==============|___/=/_/_/_/
[32m :: Spring Boot :: [39m              [2m (v3.2.4)[0;39m

 
-----
Date: 2024-04-08 09:21:16 - [restartedMain] INFO  
Starting MsApplication using Java 17.0.6 with PID 14276 (C:\Users\cosim\Desktop\Code\R2U\ms\target\classes started by cosim in C:\Users\cosim\Desktop\Code\R2U\ms) 
-----
Date: 2024-04-08 09:21:16 - [restartedMain] INFO  
No active profile set, falling back to 1 default profile: "default" 
-----
Date: 2024-04-08 09:21:17 - [restartedMain] INFO  
Bootstrapping Spring Data JPA repositories in DEFAULT mode. 
-----
Date: 2024-04-08 09:21:17 - [restartedMain] INFO  
Finished Spring Data repository scanning in 13 ms. Found 2 JPA repository interfaces. 
-----
Date: 2024-04-08 09:21:17 - [restartedMain] INFO  
Tomcat initialized with port 8080 (http) 
-----
Date: 2024-04-08 09:21:17 - [restartedMain] INFO  
Starting service [Tomcat] 
-----
Date: 2024-04-08 09:21:17 - [restartedMain] INFO  
Starting Servlet engine: [Apache Tomcat/10.1.19] 
-----
Date: 2024-04-08 09:21:17 - [restartedMain] INFO  
Initializing Spring embedded WebApplicationContext 
-----
Date: 2024-04-08 09:21:17 - [restartedMain] INFO  
Root WebApplicationContext: initialization completed in 257 ms 
-----
Date: 2024-04-08 09:21:17 - [restartedMain] INFO  
HHH000204: Processing PersistenceUnitInfo [name: default] 
-----
Date: 2024-04-08 09:21:17 - [restartedMain] INFO  
HHH000026: Second-level cache disabled 
-----
Date: 2024-04-08 09:21:17 - [restartedMain] INFO  
No LoadTimeWeaver setup: ignoring JPA class transformer 
-----
Date: 2024-04-08 09:21:17 - [restartedMain] INFO  
HikariPool-175 - Starting... 
-----
Date: 2024-04-08 09:21:17 - [restartedMain] INFO  
HikariPool-175 - Added connection com.mysql.cj.jdbc.ConnectionImpl@4750e605 
-----
Date: 2024-04-08 09:21:17 - [restartedMain] INFO  
HikariPool-175 - Start completed. 
-----
Date: 2024-04-08 09:21:17 - [restartedMain] WARN  
HHH90000025: MySQLDialect does not need to be specified explicitly using 'hibernate.dialect' (remove the property setting and it will be selected by default) 
-----
Date: 2024-04-08 09:21:17 - [restartedMain] INFO  
HHH000489: No JTA platform available (set 'hibernate.transaction.jta.platform' to enable JTA platform integration) 
-----
Date: 2024-04-08 09:21:17 - [restartedMain] INFO  
Initialized JPA EntityManagerFactory for persistence unit 'default' 
-----
Date: 2024-04-08 09:21:17 - [restartedMain] INFO  
Will secure any request with [org.springframework.security.web.session.DisableEncodeUrlFilter@441b10a4, org.springframework.security.web.context.request.async.WebAsyncManagerIntegrationFilter@d27c1bd, org.springframework.security.web.context.SecurityContextHolderFilter@48b51390, org.springframework.security.web.header.HeaderWriterFilter@68fe9f72, org.springframework.web.filter.CorsFilter@873aa88, org.springframework.security.web.authentication.logout.LogoutFilter@1db9d098, com.microservice.ms.common.util.jwt.AuthTokenFilter@7bbfc22a, org.springframework.security.web.savedrequest.RequestCacheAwareFilter@3b16e295, org.springframework.security.web.servletapi.SecurityContextHolderAwareRequestFilter@270fff8a, org.springframework.security.web.authentication.AnonymousAuthenticationFilter@7b95f714, org.springframework.security.web.session.SessionManagementFilter@e3a83e5, org.springframework.security.web.access.ExceptionTranslationFilter@78d1602b, org.springframework.security.web.access.intercept.FilterSecurityInterceptor@b1f115b] 
-----
Date: 2024-04-08 09:21:17 - [restartedMain] INFO  
LiveReload server is running on port 35729 
-----
Date: 2024-04-08 09:21:17 - [restartedMain] INFO  
Tomcat started on port 8080 (http) with context path '' 
-----
Date: 2024-04-08 09:21:17 - [restartedMain] INFO  
Started MsApplication in 0.579 seconds (process running for 246290.388) 
-----
Date: 2024-04-08 09:21:17 - [restartedMain] INFO  
Condition evaluation unchanged 
-----
Date: 2024-04-08 09:22:03 - [File Watcher] INFO  
Restarting due to 1 class path change (0 additions, 0 deletions, 1 modification) 
-----
Date: 2024-04-08 09:22:03 - [Thread-678] INFO  
Closing JPA EntityManagerFactory for persistence unit 'default' 
-----
Date: 2024-04-08 09:22:03 - [Thread-678] INFO  
HikariPool-175 - Shutdown initiated... 
-----
Date: 2024-04-08 09:22:03 - [Thread-678] INFO  
HikariPool-175 - Shutdown completed. 
-----
Date: 2024-04-08 09:22:04 - [restartedMain] INFO  

  .   ____          _            __ _ _
 /\\ / ___'_ __ _ _(_)_ __  __ _ \ \ \ \
( ( )\___ | '_ | '_| | '_ \/ _` | \ \ \ \
 \\/  ___)| |_)| | | | | || (_| |  ) ) ) )
  '  |____| .__|_| |_|_| |_\__, | / / / /
 =========|_|==============|___/=/_/_/_/
[32m :: Spring Boot :: [39m              [2m (v3.2.4)[0;39m

 
-----
Date: 2024-04-08 09:22:04 - [restartedMain] INFO  
Starting MsApplication using Java 17.0.6 with PID 14276 (C:\Users\cosim\Desktop\Code\R2U\ms\target\classes started by cosim in C:\Users\cosim\Desktop\Code\R2U\ms) 
-----
Date: 2024-04-08 09:22:04 - [restartedMain] INFO  
No active profile set, falling back to 1 default profile: "default" 
-----
Date: 2024-04-08 09:22:04 - [restartedMain] INFO  
Bootstrapping Spring Data JPA repositories in DEFAULT mode. 
-----
Date: 2024-04-08 09:22:04 - [restartedMain] INFO  
Finished Spring Data repository scanning in 14 ms. Found 2 JPA repository interfaces. 
-----
Date: 2024-04-08 09:22:04 - [restartedMain] INFO  
Tomcat initialized with port 8080 (http) 
-----
Date: 2024-04-08 09:22:04 - [restartedMain] INFO  
Starting service [Tomcat] 
-----
Date: 2024-04-08 09:22:04 - [restartedMain] INFO  
Starting Servlet engine: [Apache Tomcat/10.1.19] 
-----
Date: 2024-04-08 09:22:04 - [restartedMain] INFO  
Initializing Spring embedded WebApplicationContext 
-----
Date: 2024-04-08 09:22:04 - [restartedMain] INFO  
Root WebApplicationContext: initialization completed in 259 ms 
-----
Date: 2024-04-08 09:22:04 - [restartedMain] INFO  
HHH000204: Processing PersistenceUnitInfo [name: default] 
-----
Date: 2024-04-08 09:22:04 - [restartedMain] INFO  
HHH000026: Second-level cache disabled 
-----
Date: 2024-04-08 09:22:04 - [restartedMain] INFO  
No LoadTimeWeaver setup: ignoring JPA class transformer 
-----
Date: 2024-04-08 09:22:04 - [restartedMain] INFO  
HikariPool-176 - Starting... 
-----
Date: 2024-04-08 09:22:04 - [restartedMain] INFO  
HikariPool-176 - Added connection com.mysql.cj.jdbc.ConnectionImpl@2adb7ad7 
-----
Date: 2024-04-08 09:22:04 - [restartedMain] INFO  
HikariPool-176 - Start completed. 
-----
Date: 2024-04-08 09:22:04 - [restartedMain] WARN  
HHH90000025: MySQLDialect does not need to be specified explicitly using 'hibernate.dialect' (remove the property setting and it will be selected by default) 
-----
Date: 2024-04-08 09:22:04 - [restartedMain] INFO  
HHH000489: No JTA platform available (set 'hibernate.transaction.jta.platform' to enable JTA platform integration) 
-----
Date: 2024-04-08 09:22:04 - [restartedMain] INFO  
Initialized JPA EntityManagerFactory for persistence unit 'default' 
-----
Date: 2024-04-08 09:22:04 - [restartedMain] INFO  
Will secure any request with [org.springframework.security.web.session.DisableEncodeUrlFilter@376507b6, org.springframework.security.web.context.request.async.WebAsyncManagerIntegrationFilter@2c2e142b, org.springframework.security.web.context.SecurityContextHolderFilter@a0eab09, org.springframework.security.web.header.HeaderWriterFilter@655d3237, org.springframework.web.filter.CorsFilter@73b62b76, org.springframework.security.web.authentication.logout.LogoutFilter@11c990fe, com.microservice.ms.common.util.jwt.AuthTokenFilter@54b0672c, org.springframework.security.web.savedrequest.RequestCacheAwareFilter@6ed6a4b, org.springframework.security.web.servletapi.SecurityContextHolderAwareRequestFilter@aad3c2b, org.springframework.security.web.authentication.AnonymousAuthenticationFilter@1c3bd6d8, org.springframework.security.web.session.SessionManagementFilter@fcd7c8a, org.springframework.security.web.access.ExceptionTranslationFilter@3a16df3c, org.springframework.security.web.access.intercept.FilterSecurityInterceptor@9acc9d9] 
-----
Date: 2024-04-08 09:22:04 - [restartedMain] INFO  
LiveReload server is running on port 35729 
-----
Date: 2024-04-08 09:22:04 - [restartedMain] INFO  
Tomcat started on port 8080 (http) with context path '' 
-----
Date: 2024-04-08 09:22:04 - [restartedMain] INFO  
Started MsApplication in 0.548 seconds (process running for 246337.503) 
-----
Date: 2024-04-08 09:22:04 - [restartedMain] INFO  
Condition evaluation unchanged 
-----
Date: 2024-04-08 09:22:05 - [File Watcher] INFO  
Restarting due to 1 class path change (0 additions, 0 deletions, 1 modification) 
-----
Date: 2024-04-08 09:22:06 - [Thread-682] INFO  
Closing JPA EntityManagerFactory for persistence unit 'default' 
-----
Date: 2024-04-08 09:22:06 - [Thread-682] INFO  
HikariPool-176 - Shutdown initiated... 
-----
Date: 2024-04-08 09:22:06 - [Thread-682] INFO  
HikariPool-176 - Shutdown completed. 
-----
Date: 2024-04-08 09:22:06 - [restartedMain] INFO  

  .   ____          _            __ _ _
 /\\ / ___'_ __ _ _(_)_ __  __ _ \ \ \ \
( ( )\___ | '_ | '_| | '_ \/ _` | \ \ \ \
 \\/  ___)| |_)| | | | | || (_| |  ) ) ) )
  '  |____| .__|_| |_|_| |_\__, | / / / /
 =========|_|==============|___/=/_/_/_/
[32m :: Spring Boot :: [39m              [2m (v3.2.4)[0;39m

 
-----
Date: 2024-04-08 09:22:06 - [restartedMain] INFO  
Starting MsApplication using Java 17.0.6 with PID 14276 (C:\Users\cosim\Desktop\Code\R2U\ms\target\classes started by cosim in C:\Users\cosim\Desktop\Code\R2U\ms) 
-----
Date: 2024-04-08 09:22:06 - [restartedMain] INFO  
No active profile set, falling back to 1 default profile: "default" 
-----
Date: 2024-04-08 09:22:06 - [restartedMain] INFO  
Bootstrapping Spring Data JPA repositories in DEFAULT mode. 
-----
Date: 2024-04-08 09:22:06 - [restartedMain] INFO  
Finished Spring Data repository scanning in 11 ms. Found 2 JPA repository interfaces. 
-----
Date: 2024-04-08 09:22:06 - [restartedMain] INFO  
Tomcat initialized with port 8080 (http) 
-----
Date: 2024-04-08 09:22:06 - [restartedMain] INFO  
Starting service [Tomcat] 
-----
Date: 2024-04-08 09:22:06 - [restartedMain] INFO  
Starting Servlet engine: [Apache Tomcat/10.1.19] 
-----
Date: 2024-04-08 09:22:06 - [restartedMain] INFO  
Initializing Spring embedded WebApplicationContext 
-----
Date: 2024-04-08 09:22:06 - [restartedMain] INFO  
Root WebApplicationContext: initialization completed in 198 ms 
-----
Date: 2024-04-08 09:22:06 - [restartedMain] INFO  
HHH000204: Processing PersistenceUnitInfo [name: default] 
-----
Date: 2024-04-08 09:22:06 - [restartedMain] INFO  
HHH000026: Second-level cache disabled 
-----
Date: 2024-04-08 09:22:06 - [restartedMain] INFO  
No LoadTimeWeaver setup: ignoring JPA class transformer 
-----
Date: 2024-04-08 09:22:06 - [restartedMain] INFO  
HikariPool-177 - Starting... 
-----
Date: 2024-04-08 09:22:06 - [restartedMain] INFO  
HikariPool-177 - Added connection com.mysql.cj.jdbc.ConnectionImpl@3b1e8ad8 
-----
Date: 2024-04-08 09:22:06 - [restartedMain] INFO  
HikariPool-177 - Start completed. 
-----
Date: 2024-04-08 09:22:06 - [restartedMain] WARN  
HHH90000025: MySQLDialect does not need to be specified explicitly using 'hibernate.dialect' (remove the property setting and it will be selected by default) 
-----
Date: 2024-04-08 09:22:06 - [restartedMain] INFO  
HHH000489: No JTA platform available (set 'hibernate.transaction.jta.platform' to enable JTA platform integration) 
-----
Date: 2024-04-08 09:22:06 - [restartedMain] INFO  
Initialized JPA EntityManagerFactory for persistence unit 'default' 
-----
Date: 2024-04-08 09:22:06 - [restartedMain] INFO  
Will secure any request with [org.springframework.security.web.session.DisableEncodeUrlFilter@59f8b84c, org.springframework.security.web.context.request.async.WebAsyncManagerIntegrationFilter@29c226c7, org.springframework.security.web.context.SecurityContextHolderFilter@40800e1e, org.springframework.security.web.header.HeaderWriterFilter@363c51fd, org.springframework.web.filter.CorsFilter@d4cfb79, org.springframework.security.web.authentication.logout.LogoutFilter@661e1811, com.microservice.ms.common.util.jwt.AuthTokenFilter@20f7b1, org.springframework.security.web.savedrequest.RequestCacheAwareFilter@5bdf16ac, org.springframework.security.web.servletapi.SecurityContextHolderAwareRequestFilter@f380793, org.springframework.security.web.authentication.AnonymousAuthenticationFilter@6b7862f, org.springframework.security.web.session.SessionManagementFilter@a24636b, org.springframework.security.web.access.ExceptionTranslationFilter@20e76476, org.springframework.security.web.access.intercept.FilterSecurityInterceptor@37d794f3] 
-----
Date: 2024-04-08 09:22:06 - [restartedMain] INFO  
LiveReload server is running on port 35729 
-----
Date: 2024-04-08 09:22:06 - [restartedMain] INFO  
Tomcat started on port 8080 (http) with context path '' 
-----
Date: 2024-04-08 09:22:06 - [restartedMain] INFO  
Started MsApplication in 0.457 seconds (process running for 246339.514) 
-----
Date: 2024-04-08 09:22:06 - [restartedMain] INFO  
Condition evaluation unchanged 
-----
Date: 2024-04-08 09:22:18 - [File Watcher] INFO  
Restarting due to 1 class path change (0 additions, 0 deletions, 1 modification) 
-----
Date: 2024-04-08 09:22:18 - [Thread-686] INFO  
Closing JPA EntityManagerFactory for persistence unit 'default' 
-----
Date: 2024-04-08 09:22:18 - [Thread-686] INFO  
HikariPool-177 - Shutdown initiated... 
-----
Date: 2024-04-08 09:22:18 - [Thread-686] INFO  
HikariPool-177 - Shutdown completed. 
-----
Date: 2024-04-08 09:22:18 - [restartedMain] INFO  

  .   ____          _            __ _ _
 /\\ / ___'_ __ _ _(_)_ __  __ _ \ \ \ \
( ( )\___ | '_ | '_| | '_ \/ _` | \ \ \ \
 \\/  ___)| |_)| | | | | || (_| |  ) ) ) )
  '  |____| .__|_| |_|_| |_\__, | / / / /
 =========|_|==============|___/=/_/_/_/
[32m :: Spring Boot :: [39m              [2m (v3.2.4)[0;39m

 
-----
Date: 2024-04-08 09:22:18 - [restartedMain] INFO  
Starting MsApplication using Java 17.0.6 with PID 14276 (C:\Users\cosim\Desktop\Code\R2U\ms\target\classes started by cosim in C:\Users\cosim\Desktop\Code\R2U\ms) 
-----
Date: 2024-04-08 09:22:18 - [restartedMain] INFO  
No active profile set, falling back to 1 default profile: "default" 
-----
Date: 2024-04-08 09:22:18 - [restartedMain] INFO  
Bootstrapping Spring Data JPA repositories in DEFAULT mode. 
-----
Date: 2024-04-08 09:22:18 - [restartedMain] INFO  
Finished Spring Data repository scanning in 13 ms. Found 2 JPA repository interfaces. 
-----
Date: 2024-04-08 09:22:18 - [restartedMain] INFO  
Tomcat initialized with port 8080 (http) 
-----
Date: 2024-04-08 09:22:18 - [restartedMain] INFO  
Starting service [Tomcat] 
-----
Date: 2024-04-08 09:22:18 - [restartedMain] INFO  
Starting Servlet engine: [Apache Tomcat/10.1.19] 
-----
Date: 2024-04-08 09:22:18 - [restartedMain] INFO  
Initializing Spring embedded WebApplicationContext 
-----
Date: 2024-04-08 09:22:18 - [restartedMain] INFO  
Root WebApplicationContext: initialization completed in 200 ms 
-----
Date: 2024-04-08 09:22:18 - [restartedMain] INFO  
HHH000204: Processing PersistenceUnitInfo [name: default] 
-----
Date: 2024-04-08 09:22:18 - [restartedMain] INFO  
HHH000026: Second-level cache disabled 
-----
Date: 2024-04-08 09:22:18 - [restartedMain] INFO  
No LoadTimeWeaver setup: ignoring JPA class transformer 
-----
Date: 2024-04-08 09:22:18 - [restartedMain] INFO  
HikariPool-178 - Starting... 
-----
Date: 2024-04-08 09:22:18 - [restartedMain] INFO  
HikariPool-178 - Added connection com.mysql.cj.jdbc.ConnectionImpl@24d56ada 
-----
Date: 2024-04-08 09:22:18 - [restartedMain] INFO  
HikariPool-178 - Start completed. 
-----
Date: 2024-04-08 09:22:18 - [restartedMain] WARN  
HHH90000025: MySQLDialect does not need to be specified explicitly using 'hibernate.dialect' (remove the property setting and it will be selected by default) 
-----
Date: 2024-04-08 09:22:18 - [restartedMain] INFO  
HHH000489: No JTA platform available (set 'hibernate.transaction.jta.platform' to enable JTA platform integration) 
-----
Date: 2024-04-08 09:22:18 - [restartedMain] INFO  
Initialized JPA EntityManagerFactory for persistence unit 'default' 
-----
Date: 2024-04-08 09:22:18 - [restartedMain] INFO  
Will secure any request with [org.springframework.security.web.session.DisableEncodeUrlFilter@32642117, org.springframework.security.web.context.request.async.WebAsyncManagerIntegrationFilter@470ccde7, org.springframework.security.web.context.SecurityContextHolderFilter@5d62bd29, org.springframework.security.web.header.HeaderWriterFilter@27a45127, org.springframework.web.filter.CorsFilter@10364fc9, org.springframework.security.web.authentication.logout.LogoutFilter@62af1047, com.microservice.ms.common.util.jwt.AuthTokenFilter@24bd44b2, org.springframework.security.web.savedrequest.RequestCacheAwareFilter@7a0e4e13, org.springframework.security.web.servletapi.SecurityContextHolderAwareRequestFilter@7fa6051c, org.springframework.security.web.authentication.AnonymousAuthenticationFilter@23d81264, org.springframework.security.web.session.SessionManagementFilter@3a6dee50, org.springframework.security.web.access.ExceptionTranslationFilter@33929b25, org.springframework.security.web.access.intercept.FilterSecurityInterceptor@510c5a39] 
-----
Date: 2024-04-08 09:22:18 - [restartedMain] INFO  
LiveReload server is running on port 35729 
-----
Date: 2024-04-08 09:22:18 - [restartedMain] INFO  
Tomcat started on port 8080 (http) with context path '' 
-----
Date: 2024-04-08 09:22:18 - [restartedMain] INFO  
Started MsApplication in 0.426 seconds (process running for 246351.734) 
-----
Date: 2024-04-08 09:22:18 - [restartedMain] INFO  
Condition evaluation unchanged 
-----
Date: 2024-04-08 09:24:57 - [File Watcher] INFO  
Restarting due to 1 class path change (0 additions, 0 deletions, 1 modification) 
-----
Date: 2024-04-08 09:24:57 - [Thread-690] INFO  
Closing JPA EntityManagerFactory for persistence unit 'default' 
-----
Date: 2024-04-08 09:24:57 - [Thread-690] INFO  
HikariPool-178 - Shutdown initiated... 
-----
Date: 2024-04-08 09:24:57 - [Thread-690] INFO  
HikariPool-178 - Shutdown completed. 
-----
Date: 2024-04-08 09:24:58 - [restartedMain] INFO  

  .   ____          _            __ _ _
 /\\ / ___'_ __ _ _(_)_ __  __ _ \ \ \ \
( ( )\___ | '_ | '_| | '_ \/ _` | \ \ \ \
 \\/  ___)| |_)| | | | | || (_| |  ) ) ) )
  '  |____| .__|_| |_|_| |_\__, | / / / /
 =========|_|==============|___/=/_/_/_/
[32m :: Spring Boot :: [39m              [2m (v3.2.4)[0;39m

 
-----
Date: 2024-04-08 09:24:58 - [restartedMain] INFO  
Starting MsApplication using Java 17.0.6 with PID 14276 (C:\Users\cosim\Desktop\Code\R2U\ms\target\classes started by cosim in C:\Users\cosim\Desktop\Code\R2U\ms) 
-----
Date: 2024-04-08 09:24:58 - [restartedMain] INFO  
No active profile set, falling back to 1 default profile: "default" 
-----
Date: 2024-04-08 09:24:58 - [restartedMain] INFO  
Bootstrapping Spring Data JPA repositories in DEFAULT mode. 
-----
Date: 2024-04-08 09:24:58 - [restartedMain] INFO  
Finished Spring Data repository scanning in 12 ms. Found 2 JPA repository interfaces. 
-----
Date: 2024-04-08 09:24:58 - [restartedMain] INFO  
Tomcat initialized with port 8080 (http) 
-----
Date: 2024-04-08 09:24:58 - [restartedMain] INFO  
Starting service [Tomcat] 
-----
Date: 2024-04-08 09:24:58 - [restartedMain] INFO  
Starting Servlet engine: [Apache Tomcat/10.1.19] 
-----
Date: 2024-04-08 09:24:58 - [restartedMain] INFO  
Initializing Spring embedded WebApplicationContext 
-----
Date: 2024-04-08 09:24:58 - [restartedMain] INFO  
Root WebApplicationContext: initialization completed in 235 ms 
-----
Date: 2024-04-08 09:24:58 - [restartedMain] INFO  
HHH000204: Processing PersistenceUnitInfo [name: default] 
-----
Date: 2024-04-08 09:24:58 - [restartedMain] INFO  
HHH000026: Second-level cache disabled 
-----
Date: 2024-04-08 09:24:58 - [restartedMain] INFO  
No LoadTimeWeaver setup: ignoring JPA class transformer 
-----
Date: 2024-04-08 09:24:58 - [restartedMain] INFO  
HikariPool-179 - Starting... 
-----
Date: 2024-04-08 09:24:58 - [restartedMain] INFO  
HikariPool-179 - Added connection com.mysql.cj.jdbc.ConnectionImpl@1088b37b 
-----
Date: 2024-04-08 09:24:58 - [restartedMain] INFO  
HikariPool-179 - Start completed. 
-----
Date: 2024-04-08 09:24:58 - [restartedMain] WARN  
HHH90000025: MySQLDialect does not need to be specified explicitly using 'hibernate.dialect' (remove the property setting and it will be selected by default) 
-----
Date: 2024-04-08 09:24:58 - [restartedMain] INFO  
HHH000489: No JTA platform available (set 'hibernate.transaction.jta.platform' to enable JTA platform integration) 
-----
Date: 2024-04-08 09:24:58 - [restartedMain] INFO  
Initialized JPA EntityManagerFactory for persistence unit 'default' 
-----
Date: 2024-04-08 09:24:58 - [restartedMain] INFO  
Will secure any request with [org.springframework.security.web.session.DisableEncodeUrlFilter@17085e80, org.springframework.security.web.context.request.async.WebAsyncManagerIntegrationFilter@750187f4, org.springframework.security.web.context.SecurityContextHolderFilter@59e626b0, org.springframework.security.web.header.HeaderWriterFilter@74ae776c, org.springframework.web.filter.CorsFilter@1d2165f9, org.springframework.security.web.authentication.logout.LogoutFilter@b764920, com.microservice.ms.common.util.jwt.AuthTokenFilter@3c6bd15d, org.springframework.security.web.savedrequest.RequestCacheAwareFilter@b95bbf3, org.springframework.security.web.servletapi.SecurityContextHolderAwareRequestFilter@c07a8fa, org.springframework.security.web.authentication.AnonymousAuthenticationFilter@5f54e7c8, org.springframework.security.web.session.SessionManagementFilter@44856409, org.springframework.security.web.access.ExceptionTranslationFilter@291f67d8, org.springframework.security.web.access.intercept.FilterSecurityInterceptor@53c22ea3] 
-----
Date: 2024-04-08 09:24:58 - [restartedMain] INFO  
LiveReload server is running on port 35729 
-----
Date: 2024-04-08 09:24:58 - [restartedMain] INFO  
Tomcat started on port 8080 (http) with context path '' 
-----
Date: 2024-04-08 09:24:58 - [restartedMain] INFO  
Started MsApplication in 0.484 seconds (process running for 246511.509) 
-----
Date: 2024-04-08 09:24:58 - [restartedMain] INFO  
Condition evaluation unchanged 
-----
Date: 2024-04-08 09:25:06 - [File Watcher] INFO  
Restarting due to 1 class path change (0 additions, 0 deletions, 1 modification) 
-----
Date: 2024-04-08 09:25:06 - [Thread-694] INFO  
Closing JPA EntityManagerFactory for persistence unit 'default' 
-----
Date: 2024-04-08 09:25:06 - [Thread-694] INFO  
HikariPool-179 - Shutdown initiated... 
-----
Date: 2024-04-08 09:25:06 - [Thread-694] INFO  
HikariPool-179 - Shutdown completed. 
-----
Date: 2024-04-08 09:25:06 - [restartedMain] INFO  

  .   ____          _            __ _ _
 /\\ / ___'_ __ _ _(_)_ __  __ _ \ \ \ \
( ( )\___ | '_ | '_| | '_ \/ _` | \ \ \ \
 \\/  ___)| |_)| | | | | || (_| |  ) ) ) )
  '  |____| .__|_| |_|_| |_\__, | / / / /
 =========|_|==============|___/=/_/_/_/
[32m :: Spring Boot :: [39m              [2m (v3.2.4)[0;39m

 
-----
Date: 2024-04-08 09:25:06 - [restartedMain] INFO  
Starting MsApplication using Java 17.0.6 with PID 14276 (C:\Users\cosim\Desktop\Code\R2U\ms\target\classes started by cosim in C:\Users\cosim\Desktop\Code\R2U\ms) 
-----
Date: 2024-04-08 09:25:06 - [restartedMain] INFO  
No active profile set, falling back to 1 default profile: "default" 
-----
Date: 2024-04-08 09:25:06 - [restartedMain] INFO  
Bootstrapping Spring Data JPA repositories in DEFAULT mode. 
-----
Date: 2024-04-08 09:25:06 - [restartedMain] INFO  
Finished Spring Data repository scanning in 9 ms. Found 2 JPA repository interfaces. 
-----
Date: 2024-04-08 09:25:06 - [restartedMain] INFO  
Tomcat initialized with port 8080 (http) 
-----
Date: 2024-04-08 09:25:06 - [restartedMain] INFO  
Starting service [Tomcat] 
-----
Date: 2024-04-08 09:25:06 - [restartedMain] INFO  
Starting Servlet engine: [Apache Tomcat/10.1.19] 
-----
Date: 2024-04-08 09:25:06 - [restartedMain] INFO  
Initializing Spring embedded WebApplicationContext 
-----
Date: 2024-04-08 09:25:06 - [restartedMain] INFO  
Root WebApplicationContext: initialization completed in 180 ms 
-----
Date: 2024-04-08 09:25:06 - [restartedMain] INFO  
HHH000204: Processing PersistenceUnitInfo [name: default] 
-----
Date: 2024-04-08 09:25:06 - [restartedMain] INFO  
HHH000026: Second-level cache disabled 
-----
Date: 2024-04-08 09:25:06 - [restartedMain] INFO  
No LoadTimeWeaver setup: ignoring JPA class transformer 
-----
Date: 2024-04-08 09:25:06 - [restartedMain] INFO  
HikariPool-180 - Starting... 
-----
Date: 2024-04-08 09:25:06 - [restartedMain] INFO  
HikariPool-180 - Added connection com.mysql.cj.jdbc.ConnectionImpl@2b1fb35c 
-----
Date: 2024-04-08 09:25:06 - [restartedMain] INFO  
HikariPool-180 - Start completed. 
-----
Date: 2024-04-08 09:25:06 - [restartedMain] WARN  
HHH90000025: MySQLDialect does not need to be specified explicitly using 'hibernate.dialect' (remove the property setting and it will be selected by default) 
-----
Date: 2024-04-08 09:25:06 - [restartedMain] INFO  
HHH000489: No JTA platform available (set 'hibernate.transaction.jta.platform' to enable JTA platform integration) 
-----
Date: 2024-04-08 09:25:06 - [restartedMain] INFO  
Initialized JPA EntityManagerFactory for persistence unit 'default' 
-----
Date: 2024-04-08 09:25:06 - [restartedMain] INFO  
Will secure any request with [org.springframework.security.web.session.DisableEncodeUrlFilter@630c9b30, org.springframework.security.web.context.request.async.WebAsyncManagerIntegrationFilter@7ec86584, org.springframework.security.web.context.SecurityContextHolderFilter@669a3e85, org.springframework.security.web.header.HeaderWriterFilter@4bed412a, org.springframework.web.filter.CorsFilter@62573f3, org.springframework.security.web.authentication.logout.LogoutFilter@2adfbfdb, com.microservice.ms.common.util.jwt.AuthTokenFilter@13580359, org.springframework.security.web.savedrequest.RequestCacheAwareFilter@35a97f31, org.springframework.security.web.servletapi.SecurityContextHolderAwareRequestFilter@14ec9cbf, org.springframework.security.web.authentication.AnonymousAuthenticationFilter@1b0153e9, org.springframework.security.web.session.SessionManagementFilter@48683173, org.springframework.security.web.access.ExceptionTranslationFilter@40aed5a, org.springframework.security.web.access.intercept.FilterSecurityInterceptor@4333157] 
-----
Date: 2024-04-08 09:25:06 - [restartedMain] INFO  
LiveReload server is running on port 35729 
-----
Date: 2024-04-08 09:25:06 - [restartedMain] INFO  
Tomcat started on port 8080 (http) with context path '' 
-----
Date: 2024-04-08 09:25:06 - [restartedMain] INFO  
Started MsApplication in 0.433 seconds (process running for 246519.616) 
-----
Date: 2024-04-08 09:25:06 - [restartedMain] INFO  
Condition evaluation unchanged 
-----
Date: 2024-04-08 09:25:12 - [File Watcher] INFO  
Restarting due to 1 class path change (0 additions, 0 deletions, 1 modification) 
-----
Date: 2024-04-08 09:25:12 - [Thread-698] INFO  
Closing JPA EntityManagerFactory for persistence unit 'default' 
-----
Date: 2024-04-08 09:25:12 - [Thread-698] INFO  
HikariPool-180 - Shutdown initiated... 
-----
Date: 2024-04-08 09:25:12 - [Thread-698] INFO  
HikariPool-180 - Shutdown completed. 
-----
Date: 2024-04-08 09:25:12 - [restartedMain] INFO  

  .   ____          _            __ _ _
 /\\ / ___'_ __ _ _(_)_ __  __ _ \ \ \ \
( ( )\___ | '_ | '_| | '_ \/ _` | \ \ \ \
 \\/  ___)| |_)| | | | | || (_| |  ) ) ) )
  '  |____| .__|_| |_|_| |_\__, | / / / /
 =========|_|==============|___/=/_/_/_/
[32m :: Spring Boot :: [39m              [2m (v3.2.4)[0;39m

 
-----
Date: 2024-04-08 09:25:12 - [restartedMain] INFO  
Starting MsApplication using Java 17.0.6 with PID 14276 (C:\Users\cosim\Desktop\Code\R2U\ms\target\classes started by cosim in C:\Users\cosim\Desktop\Code\R2U\ms) 
-----
Date: 2024-04-08 09:25:12 - [restartedMain] INFO  
No active profile set, falling back to 1 default profile: "default" 
-----
Date: 2024-04-08 09:25:12 - [restartedMain] INFO  
Bootstrapping Spring Data JPA repositories in DEFAULT mode. 
-----
Date: 2024-04-08 09:25:12 - [restartedMain] INFO  
Finished Spring Data repository scanning in 13 ms. Found 2 JPA repository interfaces. 
-----
Date: 2024-04-08 09:25:12 - [restartedMain] INFO  
Tomcat initialized with port 8080 (http) 
-----
Date: 2024-04-08 09:25:12 - [restartedMain] INFO  
Starting service [Tomcat] 
-----
Date: 2024-04-08 09:25:12 - [restartedMain] INFO  
Starting Servlet engine: [Apache Tomcat/10.1.19] 
-----
Date: 2024-04-08 09:25:12 - [restartedMain] INFO  
Initializing Spring embedded WebApplicationContext 
-----
Date: 2024-04-08 09:25:12 - [restartedMain] INFO  
Root WebApplicationContext: initialization completed in 220 ms 
-----
Date: 2024-04-08 09:25:12 - [restartedMain] INFO  
HHH000204: Processing PersistenceUnitInfo [name: default] 
-----
Date: 2024-04-08 09:25:12 - [restartedMain] INFO  
HHH000026: Second-level cache disabled 
-----
Date: 2024-04-08 09:25:12 - [restartedMain] INFO  
No LoadTimeWeaver setup: ignoring JPA class transformer 
-----
Date: 2024-04-08 09:25:12 - [restartedMain] INFO  
HikariPool-181 - Starting... 
-----
Date: 2024-04-08 09:25:12 - [restartedMain] INFO  
HikariPool-181 - Added connection com.mysql.cj.jdbc.ConnectionImpl@6b54be79 
-----
Date: 2024-04-08 09:25:12 - [restartedMain] INFO  
HikariPool-181 - Start completed. 
-----
Date: 2024-04-08 09:25:12 - [restartedMain] WARN  
HHH90000025: MySQLDialect does not need to be specified explicitly using 'hibernate.dialect' (remove the property setting and it will be selected by default) 
-----
Date: 2024-04-08 09:25:12 - [restartedMain] INFO  
HHH000489: No JTA platform available (set 'hibernate.transaction.jta.platform' to enable JTA platform integration) 
-----
Date: 2024-04-08 09:25:12 - [restartedMain] INFO  
Initialized JPA EntityManagerFactory for persistence unit 'default' 
-----
Date: 2024-04-08 09:25:12 - [restartedMain] INFO  
Will secure any request with [org.springframework.security.web.session.DisableEncodeUrlFilter@22e076cc, org.springframework.security.web.context.request.async.WebAsyncManagerIntegrationFilter@28c5172, org.springframework.security.web.context.SecurityContextHolderFilter@4825ed19, org.springframework.security.web.header.HeaderWriterFilter@5f74819d, org.springframework.web.filter.CorsFilter@374ea2b3, org.springframework.security.web.authentication.logout.LogoutFilter@5fae64bb, com.microservice.ms.common.util.jwt.AuthTokenFilter@604b37f4, org.springframework.security.web.savedrequest.RequestCacheAwareFilter@71d3120a, org.springframework.security.web.servletapi.SecurityContextHolderAwareRequestFilter@a500dc4, org.springframework.security.web.authentication.AnonymousAuthenticationFilter@1aaf57b3, org.springframework.security.web.session.SessionManagementFilter@7be921f8, org.springframework.security.web.access.ExceptionTranslationFilter@b86492e, org.springframework.security.web.access.intercept.FilterSecurityInterceptor@1d360f56] 
-----
Date: 2024-04-08 09:25:12 - [restartedMain] INFO  
LiveReload server is running on port 35729 
-----
Date: 2024-04-08 09:25:12 - [restartedMain] INFO  
Tomcat started on port 8080 (http) with context path '' 
-----
Date: 2024-04-08 09:25:12 - [restartedMain] INFO  
Started MsApplication in 0.499 seconds (process running for 246525.785) 
-----
Date: 2024-04-08 09:25:12 - [restartedMain] INFO  
Condition evaluation unchanged 
-----
Date: 2024-04-08 09:25:14 - [File Watcher] INFO  
Restarting due to 1 class path change (0 additions, 0 deletions, 1 modification) 
-----
Date: 2024-04-08 09:25:14 - [Thread-702] INFO  
Closing JPA EntityManagerFactory for persistence unit 'default' 
-----
Date: 2024-04-08 09:25:14 - [Thread-702] INFO  
HikariPool-181 - Shutdown initiated... 
-----
Date: 2024-04-08 09:25:14 - [Thread-702] INFO  
HikariPool-181 - Shutdown completed. 
-----
Date: 2024-04-08 09:25:14 - [restartedMain] INFO  

  .   ____          _            __ _ _
 /\\ / ___'_ __ _ _(_)_ __  __ _ \ \ \ \
( ( )\___ | '_ | '_| | '_ \/ _` | \ \ \ \
 \\/  ___)| |_)| | | | | || (_| |  ) ) ) )
  '  |____| .__|_| |_|_| |_\__, | / / / /
 =========|_|==============|___/=/_/_/_/
[32m :: Spring Boot :: [39m              [2m (v3.2.4)[0;39m

 
-----
Date: 2024-04-08 09:25:14 - [restartedMain] INFO  
Starting MsApplication using Java 17.0.6 with PID 14276 (C:\Users\cosim\Desktop\Code\R2U\ms\target\classes started by cosim in C:\Users\cosim\Desktop\Code\R2U\ms) 
-----
Date: 2024-04-08 09:25:14 - [restartedMain] INFO  
No active profile set, falling back to 1 default profile: "default" 
-----
Date: 2024-04-08 09:25:15 - [restartedMain] INFO  
Bootstrapping Spring Data JPA repositories in DEFAULT mode. 
-----
Date: 2024-04-08 09:25:15 - [restartedMain] INFO  
Finished Spring Data repository scanning in 12 ms. Found 2 JPA repository interfaces. 
-----
Date: 2024-04-08 09:25:15 - [restartedMain] INFO  
Tomcat initialized with port 8080 (http) 
-----
Date: 2024-04-08 09:25:15 - [restartedMain] INFO  
Starting service [Tomcat] 
-----
Date: 2024-04-08 09:25:15 - [restartedMain] INFO  
Starting Servlet engine: [Apache Tomcat/10.1.19] 
-----
Date: 2024-04-08 09:25:15 - [restartedMain] INFO  
Initializing Spring embedded WebApplicationContext 
-----
Date: 2024-04-08 09:25:15 - [restartedMain] INFO  
Root WebApplicationContext: initialization completed in 259 ms 
-----
Date: 2024-04-08 09:25:15 - [restartedMain] INFO  
HHH000204: Processing PersistenceUnitInfo [name: default] 
-----
Date: 2024-04-08 09:25:15 - [restartedMain] INFO  
HHH000026: Second-level cache disabled 
-----
Date: 2024-04-08 09:25:15 - [restartedMain] INFO  
No LoadTimeWeaver setup: ignoring JPA class transformer 
-----
Date: 2024-04-08 09:25:15 - [restartedMain] INFO  
HikariPool-182 - Starting... 
-----
Date: 2024-04-08 09:25:15 - [restartedMain] INFO  
HikariPool-182 - Added connection com.mysql.cj.jdbc.ConnectionImpl@192f3013 
-----
Date: 2024-04-08 09:25:15 - [restartedMain] INFO  
HikariPool-182 - Start completed. 
-----
Date: 2024-04-08 09:25:15 - [restartedMain] WARN  
HHH90000025: MySQLDialect does not need to be specified explicitly using 'hibernate.dialect' (remove the property setting and it will be selected by default) 
-----
Date: 2024-04-08 09:25:15 - [restartedMain] INFO  
HHH000489: No JTA platform available (set 'hibernate.transaction.jta.platform' to enable JTA platform integration) 
-----
Date: 2024-04-08 09:25:15 - [restartedMain] INFO  
Initialized JPA EntityManagerFactory for persistence unit 'default' 
-----
Date: 2024-04-08 09:25:15 - [restartedMain] INFO  
Will secure any request with [org.springframework.security.web.session.DisableEncodeUrlFilter@7c990438, org.springframework.security.web.context.request.async.WebAsyncManagerIntegrationFilter@2cfc944b, org.springframework.security.web.context.SecurityContextHolderFilter@6354445c, org.springframework.security.web.header.HeaderWriterFilter@3bc779d1, org.springframework.web.filter.CorsFilter@5bb93513, org.springframework.security.web.authentication.logout.LogoutFilter@67eb7e81, com.microservice.ms.common.util.jwt.AuthTokenFilter@2c204832, org.springframework.security.web.savedrequest.RequestCacheAwareFilter@51494f66, org.springframework.security.web.servletapi.SecurityContextHolderAwareRequestFilter@51c0bd6f, org.springframework.security.web.authentication.AnonymousAuthenticationFilter@64c48e4d, org.springframework.security.web.session.SessionManagementFilter@c8f7c81, org.springframework.security.web.access.ExceptionTranslationFilter@7568f8e8, org.springframework.security.web.access.intercept.FilterSecurityInterceptor@3a90aa5b] 
-----
Date: 2024-04-08 09:25:15 - [restartedMain] INFO  
LiveReload server is running on port 35729 
-----
Date: 2024-04-08 09:25:15 - [restartedMain] INFO  
Tomcat started on port 8080 (http) with context path '' 
-----
Date: 2024-04-08 09:25:15 - [restartedMain] INFO  
Started MsApplication in 0.554 seconds (process running for 246528.363) 
-----
Date: 2024-04-08 09:25:15 - [restartedMain] INFO  
Condition evaluation unchanged 
-----
Date: 2024-04-08 09:25:16 - [File Watcher] INFO  
Restarting due to 1 class path change (0 additions, 0 deletions, 1 modification) 
-----
Date: 2024-04-08 09:25:16 - [Thread-706] INFO  
Closing JPA EntityManagerFactory for persistence unit 'default' 
-----
Date: 2024-04-08 09:25:16 - [Thread-706] INFO  
HikariPool-182 - Shutdown initiated... 
-----
Date: 2024-04-08 09:25:16 - [Thread-706] INFO  
HikariPool-182 - Shutdown completed. 
-----
Date: 2024-04-08 09:25:17 - [restartedMain] INFO  

  .   ____          _            __ _ _
 /\\ / ___'_ __ _ _(_)_ __  __ _ \ \ \ \
( ( )\___ | '_ | '_| | '_ \/ _` | \ \ \ \
 \\/  ___)| |_)| | | | | || (_| |  ) ) ) )
  '  |____| .__|_| |_|_| |_\__, | / / / /
 =========|_|==============|___/=/_/_/_/
[32m :: Spring Boot :: [39m              [2m (v3.2.4)[0;39m

 
-----
Date: 2024-04-08 09:25:17 - [restartedMain] INFO  
Starting MsApplication using Java 17.0.6 with PID 14276 (C:\Users\cosim\Desktop\Code\R2U\ms\target\classes started by cosim in C:\Users\cosim\Desktop\Code\R2U\ms) 
-----
Date: 2024-04-08 09:25:17 - [restartedMain] INFO  
No active profile set, falling back to 1 default profile: "default" 
-----
Date: 2024-04-08 09:25:17 - [restartedMain] INFO  
Bootstrapping Spring Data JPA repositories in DEFAULT mode. 
-----
Date: 2024-04-08 09:25:17 - [restartedMain] INFO  
Finished Spring Data repository scanning in 12 ms. Found 2 JPA repository interfaces. 
-----
Date: 2024-04-08 09:25:17 - [restartedMain] INFO  
Tomcat initialized with port 8080 (http) 
-----
Date: 2024-04-08 09:25:17 - [restartedMain] INFO  
Starting service [Tomcat] 
-----
Date: 2024-04-08 09:25:17 - [restartedMain] INFO  
Starting Servlet engine: [Apache Tomcat/10.1.19] 
-----
Date: 2024-04-08 09:25:17 - [restartedMain] INFO  
Initializing Spring embedded WebApplicationContext 
-----
Date: 2024-04-08 09:25:17 - [restartedMain] INFO  
Root WebApplicationContext: initialization completed in 200 ms 
-----
Date: 2024-04-08 09:25:17 - [restartedMain] INFO  
HHH000204: Processing PersistenceUnitInfo [name: default] 
-----
Date: 2024-04-08 09:25:17 - [restartedMain] INFO  
HHH000026: Second-level cache disabled 
-----
Date: 2024-04-08 09:25:17 - [restartedMain] INFO  
No LoadTimeWeaver setup: ignoring JPA class transformer 
-----
Date: 2024-04-08 09:25:17 - [restartedMain] INFO  
HikariPool-183 - Starting... 
-----
Date: 2024-04-08 09:25:17 - [restartedMain] INFO  
HikariPool-183 - Added connection com.mysql.cj.jdbc.ConnectionImpl@2c36c089 
-----
Date: 2024-04-08 09:25:17 - [restartedMain] INFO  
HikariPool-183 - Start completed. 
-----
Date: 2024-04-08 09:25:17 - [restartedMain] WARN  
HHH90000025: MySQLDialect does not need to be specified explicitly using 'hibernate.dialect' (remove the property setting and it will be selected by default) 
-----
Date: 2024-04-08 09:25:17 - [restartedMain] INFO  
HHH000489: No JTA platform available (set 'hibernate.transaction.jta.platform' to enable JTA platform integration) 
-----
Date: 2024-04-08 09:25:17 - [restartedMain] INFO  
Initialized JPA EntityManagerFactory for persistence unit 'default' 
-----
Date: 2024-04-08 09:25:17 - [restartedMain] INFO  
Will secure any request with [org.springframework.security.web.session.DisableEncodeUrlFilter@2911fdcc, org.springframework.security.web.context.request.async.WebAsyncManagerIntegrationFilter@34caa6ee, org.springframework.security.web.context.SecurityContextHolderFilter@5f21648d, org.springframework.security.web.header.HeaderWriterFilter@3b92fb87, org.springframework.web.filter.CorsFilter@4a5f9ef8, org.springframework.security.web.authentication.logout.LogoutFilter@36ad66e4, com.microservice.ms.common.util.jwt.AuthTokenFilter@3550fe7d, org.springframework.security.web.savedrequest.RequestCacheAwareFilter@7b27e71c, org.springframework.security.web.servletapi.SecurityContextHolderAwareRequestFilter@57c5753c, org.springframework.security.web.authentication.AnonymousAuthenticationFilter@45e720a3, org.springframework.security.web.session.SessionManagementFilter@4e0f707e, org.springframework.security.web.access.ExceptionTranslationFilter@2230d25f, org.springframework.security.web.access.intercept.FilterSecurityInterceptor@13b39080] 
-----
Date: 2024-04-08 09:25:17 - [restartedMain] INFO  
LiveReload server is running on port 35729 
-----
Date: 2024-04-08 09:25:17 - [restartedMain] INFO  
Tomcat started on port 8080 (http) with context path '' 
-----
Date: 2024-04-08 09:25:17 - [restartedMain] INFO  
Started MsApplication in 0.46 seconds (process running for 246530.388) 
-----
Date: 2024-04-08 09:25:17 - [restartedMain] INFO  
Condition evaluation unchanged 
-----
Date: 2024-04-08 09:26:19 - [File Watcher] INFO  
Restarting due to 1 class path change (0 additions, 0 deletions, 1 modification) 
-----
Date: 2024-04-08 09:26:19 - [Thread-710] INFO  
Closing JPA EntityManagerFactory for persistence unit 'default' 
-----
Date: 2024-04-08 09:26:19 - [Thread-710] INFO  
HikariPool-183 - Shutdown initiated... 
-----
Date: 2024-04-08 09:26:19 - [Thread-710] INFO  
HikariPool-183 - Shutdown completed. 
-----
Date: 2024-04-08 09:26:19 - [restartedMain] INFO  

  .   ____          _            __ _ _
 /\\ / ___'_ __ _ _(_)_ __  __ _ \ \ \ \
( ( )\___ | '_ | '_| | '_ \/ _` | \ \ \ \
 \\/  ___)| |_)| | | | | || (_| |  ) ) ) )
  '  |____| .__|_| |_|_| |_\__, | / / / /
 =========|_|==============|___/=/_/_/_/
[32m :: Spring Boot :: [39m              [2m (v3.2.4)[0;39m

 
-----
Date: 2024-04-08 09:26:19 - [restartedMain] INFO  
Starting MsApplication using Java 17.0.6 with PID 14276 (C:\Users\cosim\Desktop\Code\R2U\ms\target\classes started by cosim in C:\Users\cosim\Desktop\Code\R2U\ms) 
-----
Date: 2024-04-08 09:26:19 - [restartedMain] INFO  
No active profile set, falling back to 1 default profile: "default" 
-----
Date: 2024-04-08 09:26:19 - [restartedMain] INFO  
Bootstrapping Spring Data JPA repositories in DEFAULT mode. 
-----
Date: 2024-04-08 09:26:19 - [restartedMain] INFO  
Finished Spring Data repository scanning in 11 ms. Found 2 JPA repository interfaces. 
-----
Date: 2024-04-08 09:26:19 - [restartedMain] INFO  
Tomcat initialized with port 8080 (http) 
-----
Date: 2024-04-08 09:26:19 - [restartedMain] INFO  
Starting service [Tomcat] 
-----
Date: 2024-04-08 09:26:19 - [restartedMain] INFO  
Starting Servlet engine: [Apache Tomcat/10.1.19] 
-----
Date: 2024-04-08 09:26:19 - [restartedMain] INFO  
Initializing Spring embedded WebApplicationContext 
-----
Date: 2024-04-08 09:26:19 - [restartedMain] INFO  
Root WebApplicationContext: initialization completed in 208 ms 
-----
Date: 2024-04-08 09:26:19 - [restartedMain] INFO  
HHH000204: Processing PersistenceUnitInfo [name: default] 
-----
Date: 2024-04-08 09:26:19 - [restartedMain] INFO  
HHH000026: Second-level cache disabled 
-----
Date: 2024-04-08 09:26:19 - [restartedMain] INFO  
No LoadTimeWeaver setup: ignoring JPA class transformer 
-----
Date: 2024-04-08 09:26:19 - [restartedMain] INFO  
HikariPool-184 - Starting... 
-----
Date: 2024-04-08 09:26:19 - [restartedMain] INFO  
HikariPool-184 - Added connection com.mysql.cj.jdbc.ConnectionImpl@7e67802e 
-----
Date: 2024-04-08 09:26:19 - [restartedMain] INFO  
HikariPool-184 - Start completed. 
-----
Date: 2024-04-08 09:26:19 - [restartedMain] WARN  
HHH90000025: MySQLDialect does not need to be specified explicitly using 'hibernate.dialect' (remove the property setting and it will be selected by default) 
-----
Date: 2024-04-08 09:26:20 - [restartedMain] INFO  
HHH000489: No JTA platform available (set 'hibernate.transaction.jta.platform' to enable JTA platform integration) 
-----
Date: 2024-04-08 09:26:20 - [restartedMain] INFO  
Initialized JPA EntityManagerFactory for persistence unit 'default' 
-----
Date: 2024-04-08 09:26:20 - [restartedMain] INFO  
Will secure any request with [org.springframework.security.web.session.DisableEncodeUrlFilter@41a60a9c, org.springframework.security.web.context.request.async.WebAsyncManagerIntegrationFilter@744dec4d, org.springframework.security.web.context.SecurityContextHolderFilter@67b7d5c8, org.springframework.security.web.header.HeaderWriterFilter@4a235976, org.springframework.web.filter.CorsFilter@6427947f, org.springframework.security.web.authentication.logout.LogoutFilter@20338998, com.microservice.ms.common.util.jwt.AuthTokenFilter@39a449c3, org.springframework.security.web.savedrequest.RequestCacheAwareFilter@4e72ebb3, org.springframework.security.web.servletapi.SecurityContextHolderAwareRequestFilter@1e4ae3e2, org.springframework.security.web.authentication.AnonymousAuthenticationFilter@605fbbd7, org.springframework.security.web.session.SessionManagementFilter@2f7914e4, org.springframework.security.web.access.ExceptionTranslationFilter@5bde4653, org.springframework.security.web.access.intercept.FilterSecurityInterceptor@3a47c773] 
-----
Date: 2024-04-08 09:26:20 - [restartedMain] INFO  
LiveReload server is running on port 35729 
-----
Date: 2024-04-08 09:26:20 - [restartedMain] INFO  
Tomcat started on port 8080 (http) with context path '' 
-----
Date: 2024-04-08 09:26:20 - [restartedMain] INFO  
Started MsApplication in 0.511 seconds (process running for 246593.155) 
-----
Date: 2024-04-08 09:26:20 - [restartedMain] INFO  
Condition evaluation unchanged 
-----
Date: 2024-04-08 09:26:52 - [File Watcher] INFO  
Restarting due to 1 class path change (0 additions, 0 deletions, 1 modification) 
-----
Date: 2024-04-08 09:26:52 - [Thread-714] INFO  
Closing JPA EntityManagerFactory for persistence unit 'default' 
-----
Date: 2024-04-08 09:26:52 - [Thread-714] INFO  
HikariPool-184 - Shutdown initiated... 
-----
Date: 2024-04-08 09:26:52 - [Thread-714] INFO  
HikariPool-184 - Shutdown completed. 
-----
Date: 2024-04-08 09:26:52 - [restartedMain] INFO  

  .   ____          _            __ _ _
 /\\ / ___'_ __ _ _(_)_ __  __ _ \ \ \ \
( ( )\___ | '_ | '_| | '_ \/ _` | \ \ \ \
 \\/  ___)| |_)| | | | | || (_| |  ) ) ) )
  '  |____| .__|_| |_|_| |_\__, | / / / /
 =========|_|==============|___/=/_/_/_/
[32m :: Spring Boot :: [39m              [2m (v3.2.4)[0;39m

 
-----
Date: 2024-04-08 09:26:52 - [restartedMain] INFO  
Starting MsApplication using Java 17.0.6 with PID 14276 (C:\Users\cosim\Desktop\Code\R2U\ms\target\classes started by cosim in C:\Users\cosim\Desktop\Code\R2U\ms) 
-----
Date: 2024-04-08 09:26:52 - [restartedMain] INFO  
No active profile set, falling back to 1 default profile: "default" 
-----
Date: 2024-04-08 09:26:52 - [restartedMain] INFO  
Bootstrapping Spring Data JPA repositories in DEFAULT mode. 
-----
Date: 2024-04-08 09:26:52 - [restartedMain] INFO  
Finished Spring Data repository scanning in 13 ms. Found 2 JPA repository interfaces. 
-----
Date: 2024-04-08 09:26:52 - [restartedMain] INFO  
Tomcat initialized with port 8080 (http) 
-----
Date: 2024-04-08 09:26:52 - [restartedMain] INFO  
Starting service [Tomcat] 
-----
Date: 2024-04-08 09:26:52 - [restartedMain] INFO  
Starting Servlet engine: [Apache Tomcat/10.1.19] 
-----
Date: 2024-04-08 09:26:52 - [restartedMain] INFO  
Initializing Spring embedded WebApplicationContext 
-----
Date: 2024-04-08 09:26:52 - [restartedMain] INFO  
Root WebApplicationContext: initialization completed in 245 ms 
-----
Date: 2024-04-08 09:26:52 - [restartedMain] INFO  
HHH000204: Processing PersistenceUnitInfo [name: default] 
-----
Date: 2024-04-08 09:26:52 - [restartedMain] INFO  
HHH000026: Second-level cache disabled 
-----
Date: 2024-04-08 09:26:52 - [restartedMain] INFO  
No LoadTimeWeaver setup: ignoring JPA class transformer 
-----
Date: 2024-04-08 09:26:52 - [restartedMain] INFO  
HikariPool-185 - Starting... 
-----
Date: 2024-04-08 09:26:52 - [restartedMain] INFO  
HikariPool-185 - Added connection com.mysql.cj.jdbc.ConnectionImpl@9292588 
-----
Date: 2024-04-08 09:26:52 - [restartedMain] INFO  
HikariPool-185 - Start completed. 
-----
Date: 2024-04-08 09:26:52 - [restartedMain] WARN  
HHH90000025: MySQLDialect does not need to be specified explicitly using 'hibernate.dialect' (remove the property setting and it will be selected by default) 
-----
Date: 2024-04-08 09:26:52 - [restartedMain] INFO  
HHH000489: No JTA platform available (set 'hibernate.transaction.jta.platform' to enable JTA platform integration) 
-----
Date: 2024-04-08 09:26:52 - [restartedMain] INFO  
Initialized JPA EntityManagerFactory for persistence unit 'default' 
-----
Date: 2024-04-08 09:26:53 - [restartedMain] INFO  
Will secure any request with [org.springframework.security.web.session.DisableEncodeUrlFilter@3739ddb7, org.springframework.security.web.context.request.async.WebAsyncManagerIntegrationFilter@3725ce9e, org.springframework.security.web.context.SecurityContextHolderFilter@74e2f328, org.springframework.security.web.header.HeaderWriterFilter@5af2b88f, org.springframework.web.filter.CorsFilter@126694e2, org.springframework.security.web.authentication.logout.LogoutFilter@39a21552, com.microservice.ms.common.util.jwt.AuthTokenFilter@4d021872, org.springframework.security.web.savedrequest.RequestCacheAwareFilter@7dbbfdc1, org.springframework.security.web.servletapi.SecurityContextHolderAwareRequestFilter@32c20439, org.springframework.security.web.authentication.AnonymousAuthenticationFilter@e5a4a96, org.springframework.security.web.session.SessionManagementFilter@60f11c3b, org.springframework.security.web.access.ExceptionTranslationFilter@2917825, org.springframework.security.web.access.intercept.FilterSecurityInterceptor@2ac6dcc4] 
-----
Date: 2024-04-08 09:26:53 - [restartedMain] INFO  
LiveReload server is running on port 35729 
-----
Date: 2024-04-08 09:26:53 - [restartedMain] INFO  
Tomcat started on port 8080 (http) with context path '' 
-----
Date: 2024-04-08 09:26:53 - [restartedMain] INFO  
Started MsApplication in 0.535 seconds (process running for 246626.02) 
-----
Date: 2024-04-08 09:26:53 - [restartedMain] INFO  
Condition evaluation unchanged 
-----
